<?xml version="1.0" encoding="UTF-8"?>
<testsuites name="TSC001" time="49.173" tests="2" failures="0" errors="0">
   <testsuite name="TSC001" tests="2" failures="0" errors="0" time="49.173" timestamp="2020-05-09 13:46:12" hostname="Sumit.Saha - XKL-0329.xchanging.my.local" id="Test Suites/TSC001">
      <properties>
         <property name="deviceName" value=""/>
         <property name="devicePlatform" value=""/>
         <property name="logFolder" value="C:\\Users\\sumit.saha\\git\\KatalonGitTest\\Reports\\20200509_134559\\TSC001\\20200509_134559"/>
         <property name="logFiles" value="C:\\Users\\sumit.saha\\git\\KatalonGitTest\\Reports\\20200509_134559\\TSC001\\20200509_134559\\execution0.log"/>
         <property name="attachments" value=""/>
         <property name="hostName" value="Sumit.Saha - XKL-0329.xchanging.my.local"/>
         <property name="os" value="Windows 10 64bit"/>
         <property name="katalonVersion" value="7.4.0.1"/>
         <property name="browser" value="Chrome 81.0.4044.138"/>
         <property name="hostAddress" value="10.28.208.14"/>
         <property name="sessionId" value="7f1ecf401c6a598ac42f373ee38bfcda"/>
         <property name="seleniumVersion" value="3.141.59"/>
         <property name="proxyInformation" value="ProxyInformation{proxyOption=NO_PROXY, proxyServerType=HTTP, password=, proxyServerAddress=, proxyServerPort=0, executionList=}"/>
         <property name="platform" value="Windows 10"/>
      </properties>
      <testcase name="Test Cases/TC001_First User" time="31.097" classname="Test Cases/TC001_First User" status="PASSED">
         <system-out><![CDATA[2020-05-09 13:46:12 - [TEST_CASE][PASSED] - Test Cases/TC001_First User: Test Cases/TC001_First User

2020-05-09 13:46:13 - [TEST_STEP][PASSED] - openBrowser("https://lifecharger.org/"): Browser is opened with url: 'https://lifecharger.org/'

2020-05-09 13:46:13 - [MESSAGE][INFO] - Starting 'Chrome' driver

2020-05-09 13:46:13 - [MESSAGE][INFO] - Action delay is set to 0 milliseconds

2020-05-09 13:46:32 - [MESSAGE][PASSED] - Browser is opened with url: 'https://lifecharger.org/'

2020-05-09 13:46:32 - [TEST_STEP][PASSED] - click(findTestObject("OR_TC001/Page_Life Charger   a new beginning/a_Archives")): Object: 'Object Repository/OR_TC001/Page_Life Charger   a new beginning/a_Archives' is clicked on

2020-05-09 13:46:37 - [MESSAGE][PASSED] - Object: 'Object Repository/OR_TC001/Page_Life Charger   a new beginning/a_Archives' is clicked on

2020-05-09 13:46:37 - [TEST_STEP][PASSED] - click(findTestObject("OR_TC001/Page_Archives  Life Charger/a_Books I am reading")): Object: 'Object Repository/OR_TC001/Page_Archives  Life Charger/a_Books I am reading' is clicked on

2020-05-09 13:46:39 - [MESSAGE][PASSED] - Object: 'Object Repository/OR_TC001/Page_Archives  Life Charger/a_Books I am reading' is clicked on

2020-05-09 13:46:39 - [TEST_STEP][PASSED] - click(findTestObject("OR_TC001/Page_Books I am reading  Life Charger/a_About")): Object: 'Object Repository/OR_TC001/Page_Books I am reading  Life Charger/a_About' is clicked on

2020-05-09 13:46:42 - [MESSAGE][PASSED] - Object: 'Object Repository/OR_TC001/Page_Books I am reading  Life Charger/a_About' is clicked on

2020-05-09 13:46:42 - [TEST_STEP][PASSED] - closeBrowser(): Browser is closed

2020-05-09 13:46:43 - [MESSAGE][PASSED] - Browser is closed]]></system-out>
         <system-err><![CDATA[]]></system-err>
      </testcase>
      <testcase name="Test Cases/TC002_Second User" time="17.41" classname="Test Cases/TC002_Second User" status="PASSED">
         <system-out><![CDATA[2020-05-09 13:46:43 - [TEST_CASE][PASSED] - Test Cases/TC002_Second User: Test Cases/TC002_Second User

2020-05-09 13:46:43 - [TEST_STEP][PASSED] - openBrowser("https://www.katalon.com/"): Browser is opened with url: 'https://www.katalon.com/'

2020-05-09 13:46:43 - [MESSAGE][INFO] - Starting 'Chrome' driver

2020-05-09 13:46:43 - [MESSAGE][INFO] - Action delay is set to 0 milliseconds

2020-05-09 13:47:00 - [MESSAGE][PASSED] - Browser is opened with url: 'https://www.katalon.com/'

2020-05-09 13:47:00 - [TEST_STEP][PASSED] - closeBrowser(): Browser is closed

2020-05-09 13:47:00 - [MESSAGE][PASSED] - Browser is closed]]></system-out>
         <system-err><![CDATA[]]></system-err>
      </testcase>
      <system-out><![CDATA[2020-05-09 13:46:12 - [TEST_SUITE][PASSED] - TSC001: Test Cases/TC002_Second User]]></system-out>
      <system-err><![CDATA[]]></system-err>
   </testsuite>
</testsuites>
